<?xml version="1.0" encoding="UTF-8"?>
<!-- Generated by org.testng.reporters.JUnitReportReporter -->
<testsuite hostname="TUF-F15-MM" failures="0" tests="1" name="testCases.TC_001_AccRegistration" time="5.826" errors="0" timestamp="2022-07-20T12:34:10 IST" skipped="0">
  <testcase classname="testCases.TC_001_AccRegistration" name="test_acc_reg" time="5.826"/>
  <system-out/>
</testsuite> <!-- testCases.TC_001_AccRegistration -->
