<?xml version="1.0" encoding="UTF-8"?>
<!-- Generated by org.testng.reporters.JUnitReportReporter -->
<testsuite hostname="TUF-F15-MM" failures="0" tests="1" name="testCases.TC_002_Login" time="1.324" errors="0" timestamp="2022-07-20T14:37:40 IST" skipped="0">
  <testcase classname="testCases.TC_002_Login" name="test_login" time="1.324"/>
  <system-out/>
</testsuite> <!-- testCases.TC_002_Login -->
