<?xml version="1.0" encoding="UTF-8"?>
<!-- Generated by org.testng.reporters.JUnitReportReporter -->
<testsuite hostname="TUF-F15-MM" failures="0" tests="1" name="testCases.TC_001_AccRegistration" time="3.802" errors="0" timestamp="2022-07-20T14:37:40 IST" skipped="0">
  <testcase classname="testCases.TC_001_AccRegistration" name="test_acc_reg" time="3.802"/>
  <system-out/>
</testsuite> <!-- testCases.TC_001_AccRegistration -->
